da/build/outputs/logs/manifest-merger-release-report.txt
-- Merging decision tree log ---
provider#com.pti.tipapers.app.MuzeiService
INJECTED from src/main/AndroidManifest.xml:96:1-103:20
	android:authorities
		INJECTED from src/main/AndroidManifest.xml
		ADDED from src/main/AndroidManifest.xml:96:1-103:20
	android:label
		ADDED from src/main/AndroidManifest.xml:96:1-103:20
	android:exported
		ADDED from src/main/AndroidManifest.xml:96:1-103:20
	android:permission
		ADDED from src/main/AndroidManifest.xml:96:1-103:20
	android:icon
		ADDED from src/main/AndroidManifest.xml:96:1-103:20
	android:description
		ADDED from src/main/AndroidManifest.xml:96:1-103:20
	android:name
		ADDED from src/main/AndroidManifest.xml:96:1-103:20
provider#androidx.core.content.FileProvider
INJECTED from src/main/AndroidManifest.xml:107:5-109:20
	android:grantUriPermissions
		ADDED from src/main/AndroidManifest.xml:107:5-109:20
	android:authorities
		INJECTED from src/main/AndroidManifest.xml
		ADDED from src/main/AndroidManifest.xml:107:5-109:20
	android:exported
		ADDED from src/main/AndroidManifest.xml:107:5-109:20
	android:name
		ADDED from src/main/AndroidManifest.xml:107:5-109:20
manifest
ADDED from src/main/AndroidManifest.xml:17:1-112:12
INJECTED from src/main/AndroidManifest.xml:17:1-112:12
INJECTED from src/main/AndroidManifest.xml:17:1-112:12
INJECTED from src/main/AndroidManifest.xml:17:1-112:12
MERGED from [:library] AndroidManifest.xml:17:1-106:12
MERGED from [com.afollestad.material-dialogs:files:2.0.0-rc5] AndroidManifest.xml:2:1-13:12
MERGED from [com.github.fondesa:kpermissions:1.0.0] AndroidManifest.xml:2:1-10:12
MERGED from [com.jahirfiquitiva.kext:archhelpers:722bd76] AndroidManifest.xml:17:1-31:12
MERGED from [com.github.javiersantos:PiracyChecker:1.2.4] AndroidManifest.xml:2:1-19:12
MERGED from [com.afollestad.material-dialogs:input:2.0.0-rc5] AndroidManifest.xml:2:1-13:12
MERGED from [com.afollestad.material-dialogs:core:2.0.0-rc5] AndroidManifest.xml:2:1-13:12
MERGED from [androidx.room:room-runtime:2.0.0] AndroidManifest.xml:17:1-22:12
MERGED from [com.github.bumptech.glide:recyclerview-integration:4.8.0] AndroidManifest.xml:2:1-12:12
MERGED from [com.github.bumptech.glide:glide:4.8.0] AndroidManifest.xml:2:1-12:12
MERGED from [com.zlc.glide:webpdecoder:1.3.4.8.0] AndroidManifest.xml:2:1-15:12
MERGED from [com.jahirfiquitiva.kext:ziv:722bd76] AndroidManifest.xml:17:1-28:12
MERGED from [com.jahirfiquitiva:sectioned-recyclerview:ab5709a] AndroidManifest.xml:2:1-13:12
MERGED from [com.jahirfiquitiva:recycler-fast-scroll:67cdb7e] AndroidManifest.xml:2:1-11:12
MERGED from [com.jahirfiquitiva:ChipView:0.1.1] AndroidManifest.xml:17:1-26:12
MERGED from [com.google.android.apps.muzei:muzei-api:3.1.0] AndroidManifest.xml:17:1-30:12
MERGED from [de.psdev.licensesdialog:licensesdialog:1.8.3] AndroidManifest.xml:16:6-20:12
MERGED from [androidx.sqlite:sqlite-framework:2.0.0] AndroidManifest.xml:17:1-22:12
MERGED from [androidx.sqlite:sqlite:2.0.0] AndroidManifest.xml:17:1-22:12
MERGED from [androidx.lifecycle:lifecycle-extensions:2.0.0] AndroidManifest.xml:17:1-25:12
MERGED from [androidx.legacy:legacy-support-v4:1.0.0-rc01] AndroidManifest.xml:17:1-22:12
MERGED from [com.jahirfiquitiva.kext:core:722bd76] AndroidManifest.xml:17:1-28:12
MERGED from [com.google.android.material:material:1.0.0] AndroidManifest.xml:17:1-24:12
MERGED from [androidx.appcompat:appcompat:1.0.2] AndroidManifest.xml:17:1-22:12
MERGED from [androidx.fragment:fragment:1.0.0] AndroidManifest.xml:17:1-22:12
MERGED from [androidx.vectordrawable:vectordrawable-animated:1.0.0] AndroidManifest.xml:17:1-22:12
MERGED from [androidx.recyclerview:recyclerview:1.0.0] AndroidManifest.xml:17:1-22:12
MERGED from [androidx.legacy:legacy-support-core-ui:1.0.0] AndroidManifest.xml:17:1-22:12
MERGED from [androidx.palette:palette:1.0.0] AndroidManifest.xml:17:1-22:12
MERGED from [androidx.legacy:legacy-support-core-utils:1.0.0] AndroidManifest.xml:17:1-22:12
MERGED from [androidx.loader:loader:1.0.0] AndroidManifest.xml:17:1-22:12
MERGED from [androidx.lifecycle:lifecycle-livedata:2.0.0] AndroidManifest.xml:17:1-22:12
MERGED from [androidx.lifecycle:lifecycle-livedata-core:2.0.0] AndroidManifest.xml:17:1-22:12
MERGED from [androidx.arch.core:core-runtime:2.0.0] AndroidManifest.xml:17:1-22:12
MERGED from [androidx.media:media:1.0.0-rc01] AndroidManifest.xml:17:1-22:12
MERGED from [androidx.cardview:cardview:1.0.0] AndroidManifest.xml:17:1-22:12
MERGED from [androidx.vectordrawable:vectordrawable:1.0.1] AndroidManifest.xml:17:1-22:12
MERGED from [androidx.viewpager:viewpager:1.0.0] AndroidManifest.xml:17:1-22:12
MERGED from [androidx.coordinatorlayout:coordinatorlayout:1.0.0] AndroidManifest.xml:17:1-22:12
MERGED from [androidx.drawerlayout:drawerlayout:1.0.0] AndroidManifest.xml:17:1-22:12
MERGED from [androidx.slidingpanelayout:slidingpanelayout:1.0.0] AndroidManifest.xml:17:1-22:12
MERGED from [androidx.customview:customview:1.0.0] AndroidManifest.xml:17:1-22:12
MERGED from [androidx.swiperefreshlayout:swiperefreshlayout:1.0.0] AndroidManifest.xml:17:1-22:12
MERGED from [androidx.asynclayoutinflater:asynclayoutinflater:1.0.0] AndroidManifest.xml:17:1-22:12
MERGED from [androidx.core:core:1.0.1] AndroidManifest.xml:17:1-24:12
MERGED from [androidx.versionedparcelable:versionedparcelable:1.0.0] AndroidManifest.xml:17:1-25:12
MERGED from [androidx.print:print:1.0.0] AndroidManifest.xml:17:1-22:12
MERGED from [androidx.localbroadcastmanager:localbroadcastmanager:1.0.0] AndroidManifest.xml:17:1-22:12
MERGED from [androidx.documentfile:documentfile:1.0.0] AndroidManifest.xml:17:1-22:12
MERGED from [androidx.interpolator:interpolator:1.0.0] AndroidManifest.xml:17:1-22:12
MERGED from [androidx.cursoradapter:cursoradapter:1.0.0] AndroidManifest.xml:17:1-22:12
MERGED from [androidx.lifecycle:lifecycle-process:2.0.0] AndroidManifest.xml:17:1-30:12
MERGED from [androidx.lifecycle:lifecycle-service:2.0.0] AndroidManifest.xml:17:1-22:12
MERGED from [androidx.lifecycle:lifecycle-runtime:2.0.0] AndroidManifest.xml:17:1-22:12
MERGED from [androidx.lifecycle:lifecycle-viewmodel:2.0.0] AndroidManifest.xml:17:1-22:12
MERGED from [com.github.bumptech.glide:gifdecoder:4.8.0] AndroidManifest.xml:2:1-11:12
INJECTED from src/main/AndroidManifest.xml:17:1-112:12
INJECTED from src/main/AndroidManifest.xml:17:1-112:12
INJECTED from src/main/AndroidManifest.xml:17:1-112:12
	package
		ADDED from src/main/AndroidManifest.xml:19:11-41
		INJECTED from src/main/AndroidManifest.xml
		INJECTED from src/main/AndroidManifest.xml
	android:versionName
		INJECTED from src/main/AndroidManifest.xml
		ADDED from src/main/AndroidManifest.xml:17:1-112:12
		INJECTED from src/main/AndroidManifest.xml
	xmlns:tools
		ADDED from src/main/AndroidManifest.xml:18:11-57
	android:versionCode
		INJECTED from src/main/AndroidManifest.xml
		ADDED from src/main/AndroidManifest.xml:17:1-112:12
		INJECTED from src/main/AndroidManifest.xml
	xmlns:android
		ADDED from src/main/AndroidManifest.xml:17:11-69
uses-permission#com.android.vending.BILLING
ADDED from src/main/AndroidManifest.xml:22:5-67
	android:name
		ADDED from src/main/AndroidManifest.xml:22:22-64
application
ADDED from src/main/AndroidManifest.xml:24:5-112:19
MERGED from [:library] AndroidManifest.xml:49:5-104:19
MERGED from [:library] AndroidManifest.xml:49:5-104:19
MERGED from [com.afollestad.material-dialogs:files:2.0.0-rc5] AndroidManifest.xml:11:5-47
MERGED from [com.afollestad.material-dialogs:files:2.0.0-rc5] AndroidManifest.xml:11:5-47
MERGED from [com.jahirfiquitiva.kext:archhelpers:722bd76] AndroidManifest.xml:26:5-29:38
MERGED from [com.jahirfiquitiva.kext:archhelpers:722bd76] AndroidManifest.xml:26:5-29:38
MERGED from [com.github.javiersantos:PiracyChecker:1.2.4] AndroidManifest.xml:13:5-17:19
MERGED from [com.github.javiersantos:PiracyChecker:1.2.4] AndroidManifest.xml:13:5-17:19
MERGED from [com.afollestad.material-dialogs:input:2.0.0-rc5] AndroidManifest.xml:11:5-47
MERGED from [com.afollestad.material-dialogs:input:2.0.0-rc5] AndroidManifest.xml:11:5-47
MERGED from [com.afollestad.material-dialogs:core:2.0.0-rc5] AndroidManifest.xml:11:5-47
MERGED from [com.afollestad.material-dialogs:core:2.0.0-rc5] AndroidManifest.xml:11:5-47
MERGED from [com.github.bumptech.glide:recyclerview-integration:4.8.0] AndroidManifest.xml:10:5-20
MERGED from [com.github.bumptech.glide:recyclerview-integration:4.8.0] AndroidManifest.xml:10:5-20
MERGED from [com.github.bumptech.glide:glide:4.8.0] AndroidManifest.xml:10:5-20
MERGED from [com.github.bumptech.glide:glide:4.8.0] AndroidManifest.xml:10:5-20
MERGED from [com.zlc.glide:webpdecoder:1.3.4.8.0] AndroidManifest.xml:9:5-13:19
MERGED from [com.zlc.glide:webpdecoder:1.3.4.8.0] AndroidManifest.xml:9:5-13:19
MERGED from [com.jahirfiquitiva.kext:ziv:722bd76] AndroidManifest.xml:26:5-20
MERGED from [com.jahirfiquitiva.kext:ziv:722bd76] AndroidManifest.xml:26:5-20
MERGED from [com.jahirfiquitiva:sectioned-recyclerview:ab5709a] AndroidManifest.xml:11:5-20
MERGED from [com.jahirfiquitiva:sectioned-recyclerview:ab5709a] AndroidManifest.xml:11:5-20
MERGED from [com.google.android.apps.muzei:muzei-api:3.1.0] AndroidManifest.xml:24:5-28:19
MERGED from [com.google.android.apps.muzei:muzei-api:3.1.0] AndroidManifest.xml:24:5-28:19
MERGED from [de.psdev.licensesdialog:licensesdialog:1.8.3] AndroidManifest.xml:19:5-19
MERGED from [de.psdev.licensesdialog:licensesdialog:1.8.3] AndroidManifest.xml:19:5-19
MERGED from [androidx.lifecycle:lifecycle-extensions:2.0.0] AndroidManifest.xml:22:5-23:19
MERGED from [androidx.lifecycle:lifecycle-extensions:2.0.0] AndroidManifest.xml:22:5-23:19
MERGED from [com.google.android.material:material:1.0.0] AndroidManifest.xml:22:5-20
MERGED from [com.google.android.material:material:1.0.0] AndroidManifest.xml:22:5-20
MERGED from [androidx.core:core:1.0.1] AndroidManifest.xml:22:5-89
MERGED from [androidx.core:core:1.0.1] AndroidManifest.xml:22:5-89
MERGED from [androidx.versionedparcelable:versionedparcelable:1.0.0] AndroidManifest.xml:22:5-23:19
MERGED from [androidx.versionedparcelable:versionedparcelable:1.0.0] AndroidManifest.xml:22:5-23:19
MERGED from [androidx.lifecycle:lifecycle-process:2.0.0] AndroidManifest.xml:22:5-28:19
MERGED from [androidx.lifecycle:lifecycle-process:2.0.0] AndroidManifest.xml:22:5-28:19
MERGED from [com.github.bumptech.glide:gifdecoder:4.8.0] AndroidManifest.xml:9:5-20
MERGED from [com.github.bumptech.glide:gifdecoder:4.8.0] AndroidManifest.xml:9:5-20
	android:appComponentFactory
		ADDED from [androidx.core:core:1.0.1] AndroidManifest.xml:22:18-86
	android:supportsRtl
		ADDED from src/main/AndroidManifest.xml:30:9-35
	android:label
		ADDED from src/main/AndroidManifest.xml:29:9-41
	tools:overrideLibrary
		ADDED from [:library] AndroidManifest.xml:55:9-60
	android:fullBackupContent
		ADDED from src/main/AndroidManifest.xml:27:9-41
	tools:ignore
		ADDED from src/main/AndroidManifest.xml:33:9-39
	android:largeHeap
		ADDED from [:library] AndroidManifest.xml:51:9-33
	android:icon
		ADDED from src/main/AndroidManifest.xml:28:9-43
	android:allowBackup
		ADDED from src/main/AndroidManifest.xml:26:9-35
	android:theme
		ADDED from src/main/AndroidManifest.xml:31:9-46
	android:networkSecurityConfig
		ADDED from src/main/AndroidManifest.xml:32:9-69
	android:name
		ADDED from src/main/AndroidManifest.xml:25:9-38
activity#com.pti.tipapers.app.MainActivity
ADDED from src/main/AndroidManifest.xml:47:9-87:20
	android:label
		ADDED from src/main/AndroidManifest.xml:49:13-45
	android:name
		ADDED from src/main/AndroidManifest.xml:48:13-41
intent-filter#action:name:android.intent.action.MAIN+category:name:android.intent.category.LAUNCHER
ADDED from src/main/AndroidManifest.xml:52:13-56:29
action#android.intent.action.MAIN
ADDED from src/main/AndroidManifest.xml:53:17-69
	android:name
		ADDED from src/main/AndroidManifest.xml:53:25-66
category#android.intent.category.LAUNCHER
ADDED from src/main/AndroidManifest.xml:55:17-77
	android:name
		ADDED from src/main/AndroidManifest.xml:55:27-74
intent-filter#action:name:android.intent.action.VIEW+category:name:android.intent.category.BROWSABLE+category:name:android.intent.category.DEFAULT
ADDED from src/main/AndroidManifest.xml:56:13-63:29
	tools:ignore
		ADDED from src/main/AndroidManifest.xml:56:13-63:29
action#android.intent.action.VIEW
ADDED from src/main/AndroidManifest.xml:59:17-69
	android:name
		ADDED from src/main/AndroidManifest.xml:59:27-73
category#android.intent.category.DEFAULT
ADDED from src/main/AndroidManifest.xml:61:17-76
	android:name
		ADDED from src/main/AndroidManifest.xml:61:17-76
category#android.intent.category.BROWSABLE
ADDED from src/main/AndroidManifest.xml:61:17-62:78
	android:name
		ADDED from src/main/AndroidManifest.xml:61:27-73
intent-filter#action:name:android.intent.action.SET_WALLPAPER+category:name:android.intent.category.DEFAULT
ADDED from src/main/AndroidManifest.xml:64:17-67:29
action#android.intent.action.SET_WALLPAPER
ADDED from src/main/AndroidManifest.xml:64:17-65:78
	android:name
		ADDED from src/main/AndroidManifest.xml:64:27-74
intent-filter#action:name:android.intent.action.GET_CONTENT+category:name:android.intent.category.DEFAULT+category:name:android.intent.category.OPENABLE+data:mimeType:image/*
ADDED from src/main/AndroidManifest.xml:68:17-75:29
action#android.intent.action.GET_CONTENT
ADDED from src/main/AndroidManifest.xml:69:13-76
	android:name
		ADDED from src/main/AndroidManifest.xml:69:13-76
category#android.intent.category.OPENABLE
ADDED from src/main/AndroidManifest.xml:72:17-77
	android:name
		ADDED from src/main/AndroidManifest.xml:72:27-74
data
ADDED from src/main/AndroidManifest.xml:74:9-52
	android:mimeType
		ADDED from src/main/AndroidManifest.xml:74:9-52
intent-filter#action:name:android.intent.action.PICK+category:name:android.intent.category.DEFAULT+data:mimeType:image/*
ADDED from src/main/AndroidManifest.xml:74:9-80:29
action#android.intent.action.PICK
ADDED from src/main/AndroidManifest.xml:73:9-77:69
	android:name
		ADDED from src/main/AndroidManifest.xml:74:13-41
intent-filter#action:name:android.intent.action.PICK+category:name:android.intent.category.DEFAULT+category:name:android.intent.category.OPENABLE
ADDED from src/main/AndroidManifest.xml:81:13-86:29
uses-sdk
INJECTED from src/main/AndroidManifest.xml reason: use-sdk injection requested
INJECTED from src/main/AndroidManifest.xml
INJECTED from src/main/AndroidManifest.xml
MERGED from [:library] AndroidManifest.xml:23:5-25:41
MERGED from [:library] AndroidManifest.xml:23:5-25:41
MERGED from [com.afollestad.material-dialogs:files:2.0.0-rc5] AndroidManifest.xml:7:5-9:41
MERGED from [com.afollestad.material-dialogs:files:2.0.0-rc5] AndroidManifest.xml:7:5-9:41
MERGED from [com.github.fondesa:kpermissions:1.0.0] AndroidManifest.xml:6:5-8:41
MERGED from [com.github.fondesa:kpermissions:1.0.0] AndroidManifest.xml:6:5-8:41
MERGED from [com.jahirfiquitiva.kext:archhelpers:722bd76] AndroidManifest.xml:22:5-24:41
MERGED from [com.jahirfiquitiva.kext:archhelpers:722bd76] AndroidManifest.xml:22:5-24:41
MERGED from [com.github.javiersantos:PiracyChecker:1.2.4] AndroidManifest.xml:7:5-9:41
MERGED from [com.github.javiersantos:PiracyChecker:1.2.4] AndroidManifest.xml:7:5-9:41
MERGED from [com.afollestad.material-dialogs:input:2.0.0-rc5] AndroidManifest.xml:7:5-9:41
MERGED from [com.afollestad.material-dialogs:input:2.0.0-rc5] AndroidManifest.xml:7:5-9:41
MERGED from [com.afollestad.material-dialogs:core:2.0.0-rc5] AndroidManifest.xml:7:5-9:41
MERGED from [com.afollestad.material-dialogs:core:2.0.0-rc5] AndroidManifest.xml:7:5-9:41
MERGED from [androidx.room:room-runtime:2.0.0] AndroidManifest.xml:20:5-44
MERGED from [androidx.room:room-runtime:2.0.0] AndroidManifest.xml:20:5-44
MERGED from [com.github.bumptech.glide:recyclerview-integration:4.8.0] AndroidManifest.xml:6:5-8:41
MERGED from [com.github.bumptech.glide:recyclerview-integration:4.8.0] AndroidManifest.xml:6:5-8:41
MERGED from [com.github.bumptech.glide:glide:4.8.0] AndroidManifest.xml:6:5-8:41
MERGED from [com.github.bumptech.glide:glide:4.8.0] AndroidManifest.xml:6:5-8:41
MERGED from [com.zlc.glide:webpdecoder:1.3.4.8.0] AndroidManifest.xml:5:5-7:41
MERGED from [com.zlc.glide:webpdecoder:1.3.4.8.0] AndroidManifest.xml:5:5-7:41
MERGED from [com.jahirfiquitiva.kext:ziv:722bd76] AndroidManifest.xml:22:5-24:41
MERGED from [com.jahirfiquitiva.kext:ziv:722bd76] AndroidManifest.xml:22:5-24:41
MERGED from [com.jahirfiquitiva:sectioned-recyclerview:ab5709a] AndroidManifest.xml:7:5-9:41
MERGED from [com.jahirfiquitiva:sectioned-recyclerview:ab5709a] AndroidManifest.xml:7:5-9:41
MERGED from [com.jahirfiquitiva:recycler-fast-scroll:67cdb7e] AndroidManifest.xml:7:5-9:41
MERGED from [com.jahirfiquitiva:recycler-fast-scroll:67cdb7e] AndroidManifest.xml:7:5-9:41
MERGED from [com.jahirfiquitiva:ChipView:0.1.1] AndroidManifest.xml:22:5-24:41
MERGED from [com.jahirfiquitiva:ChipView:0.1.1] AndroidManifest.xml:22:5-24:41
MERGED from [com.google.android.apps.muzei:muzei-api:3.1.0] AndroidManifest.xml:20:5-22:41
MERGED from [com.google.android.apps.muzei:muzei-api:3.1.0] AndroidManifest.xml:20:5-22:41
MERGED from [de.psdev.licensesdialog:licensesdialog:1.8.3] AndroidManifest.xml:18:5-72
MERGED from [de.psdev.licensesdialog:licensesdialog:1.8.3] AndroidManifest.xml:18:5-72
MERGED from [androidx.sqlite:sqlite-framework:2.0.0] AndroidManifest.xml:20:5-44
MERGED from [androidx.sqlite:sqlite-framework:2.0.0] AndroidManifest.xml:20:5-44
MERGED from [androidx.sqlite:sqlite:2.0.0] AndroidManifest.xml:20:5-44
MERGED from [androidx.sqlite:sqlite:2.0.0] AndroidManifest.xml:20:5-44
MERGED from [androidx.lifecycle:lifecycle-extensions:2.0.0] AndroidManifest.xml:20:5-44
MERGED from [androidx.lifecycle:lifecycle-extensions:2.0.0] AndroidManifest.xml:20:5-44
MERGED from [androidx.legacy:legacy-support-v4:1.0.0-rc01] AndroidManifest.xml:20:5-44
MERGED from [androidx.legacy:legacy-support-v4:1.0.0-rc01] AndroidManifest.xml:20:5-44
MERGED from [com.jahirfiquitiva.kext:core:722bd76] AndroidManifest.xml:23:5-26:52
MERGED from [com.jahirfiquitiva.kext:core:722bd76] AndroidManifest.xml:23:5-26:52
MERGED from [com.google.android.material:material:1.0.0] AndroidManifest.xml:20:5-44
MERGED from [com.google.android.material:material:1.0.0] AndroidManifest.xml:20:5-44
MERGED from [androidx.appcompat:appcompat:1.0.2] AndroidManifest.xml:20:5-44
MERGED from [androidx.appcompat:appcompat:1.0.2] AndroidManifest.xml:20:5-44
MERGED from [androidx.fragment:fragment:1.0.0] AndroidManifest.xml:20:5-44
MERGED from [androidx.fragment:fragment:1.0.0] AndroidManifest.xml:20:5-44
MERGED from [androidx.vectordrawable:vectordrawable-animated:1.0.0] AndroidManifest.xml:20:5-44
MERGED from [androidx.vectordrawable:vectordrawable-animated:1.0.0] AndroidManifest.xml:20:5-44
MERGED from [androidx.recyclerview:recyclerview:1.0.0] AndroidManifest.xml:20:5-44
MERGED from [androidx.recyclerview:recyclerview:1.0.0] AndroidManifest.xml:20:5-44
MERGED from [androidx.legacy:legacy-support-core-ui:1.0.0] AndroidManifest.xml:20:5-44
MERGED from [androidx.legacy:legacy-support-core-ui:1.0.0] AndroidManifest.xml:20:5-44
MERGED from [androidx.palette:palette:1.0.0] AndroidManifest.xml:20:5-44
MERGED from [androidx.palette:palette:1.0.0] AndroidManifest.xml:20:5-44
MERGED from [androidx.legacy:legacy-support-core-utils:1.0.0] AndroidManifest.xml:20:5-44
MERGED from [androidx.legacy:legacy-support-core-utils:1.0.0] AndroidManifest.xml:20:5-44
MERGED from [androidx.loader:loader:1.0.0] AndroidManifest.xml:20:5-44
MERGED from [androidx.loader:loader:1.0.0] AndroidManifest.xml:20:5-44
MERGED from [androidx.lifecycle:lifecycle-livedata:2.0.0] AndroidManifest.xml:20:5-44
MERGED from [androidx.lifecycle:lifecycle-livedata:2.0.0] AndroidManifest.xml:20:5-44
MERGED from [androidx.lifecycle:lifecycle-livedata-core:2.0.0] AndroidManifest.xml:20:5-44
MERGED from [androidx.lifecycle:lifecycle-livedata-core:2.0.0] AndroidManifest.xml:20:5-44
MERGED from [androidx.arch.core:core-runtime:2.0.0] AndroidManifest.xml:20:5-44
MERGED from [androidx.arch.core:core-runtime:2.0.0] AndroidManifest.xml:20:5-44
MERGED from [androidx.media:media:1.0.0-rc01] AndroidManifest.xml:20:5-44
MERGED from [androidx.media:media:1.0.0-rc01] AndroidManifest.xml:20:5-44
MERGED from [androidx.cardview:cardview:1.0.0] AndroidManifest.xml:20:5-44
MERGED from [androidx.cardview:cardview:1.0.0] AndroidManifest.xml:20:5-44
MERGED from [androidx.vectordrawable:vectordrawable:1.0.1] AndroidManifest.xml:20:5-44
MERGED from [androidx.vectordrawable:vectordrawable:1.0.1] AndroidManifest.xml:20:5-44
MERGED from [androidx.viewpager:viewpager:1.0.0] AndroidManifest.xml:20:5-44
MERGED from [androidx.viewpager:viewpager:1.0.0] AndroidManifest.xml:20:5-44
MERGED from [androidx.coordinatorlayout:coordinatorlayout:1.0.0] AndroidManifest.xml:20:5-44
MERGED from [androidx.coordinatorlayout:coordinatorlayout:1.0.0] AndroidManifest.xml:20:5-44
MERGED from [androidx.drawerlayout:drawerlayout:1.0.0] AndroidManifest.xml:20:5-44
MERGED from [androidx.drawerlayout:drawerlayout:1.0.0] AndroidManifest.xml:20:5-44
MERGED from [androidx.slidingpanelayout:slidingpanelayout:1.0.0] AndroidManifest.xml:20:5-44
MERGED from [androidx.slidingpanelayout:slidingpanelayout:1.0.0] AndroidManifest.xml:20:5-44
MERGED from [androidx.customview:customview:1.0.0] AndroidManifest.xml:20:5-44
MERGED from [androidx.customview:customview:1.0.0] AndroidManifest.xml:20:5-44
MERGED from [androidx.swiperefreshlayout:swiperefreshlayout:1.0.0] AndroidManifest.xml:20:5-44
MERGED from [androidx.swiperefreshlayout:swiperefreshlayout:1.0.0] AndroidManifest.xml:20:5-44
MERGED from [androidx.asynclayoutinflater:asynclayoutinflater:1.0.0] AndroidManifest.xml:20:5-44
MERGED from [androidx.asynclayoutinflater:asynclayoutinflater:1.0.0] AndroidManifest.xml:20:5-44
MERGED from [androidx.core:core:1.0.1] AndroidManifest.xml:20:5-44
MERGED from [androidx.core:core:1.0.1] AndroidManifest.xml:20:5-44
MERGED from [androidx.versionedparcelable:versionedparcelable:1.0.0] AndroidManifest.xml:20:5-44
MERGED from [androidx.versionedparcelable:versionedparcelable:1.0.0] AndroidManifest.xml:20:5-44
MERGED from [androidx.print:print:1.0.0] AndroidManifest.xml:20:5-44
MERGED from [androidx.print:print:1.0.0] AndroidManifest.xml:20:5-44
MERGED from [androidx.localbroadcastmanager:localbroadcastmanager:1.0.0] AndroidManifest.xml:20:5-44
MERGED from [androidx.localbroadcastmanager:localbroadcastmanager:1.0.0] AndroidManifest.xml:20:5-44
MERGED from [androidx.documentfile:documentfile:1.0.0] AndroidManifest.xml:20:5-44
MERGED from [androidx.documentfile:documentfile:1.0.0] AndroidManifest.xml:20:5-44
MERGED from [androidx.interpolator:interpolator:1.0.0] AndroidManifest.xml:20:5-44
MERGED from [androidx.interpolator:interpolator:1.0.0] AndroidManifest.xml:20:5-44
MERGED from [androidx.cursoradapter:cursoradapter:1.0.0] AndroidManifest.xml:20:5-44
MERGED from [androidx.cursoradapter:cursoradapter:1.0.0] AndroidManifest.xml:20:5-44
MERGED from [androidx.lifecycle:lifecycle-process:2.0.0] AndroidManifest.xml:20:5-44
MERGED from [androidx.lifecycle:lifecycle-process:2.0.0] AndroidManifest.xml:20:5-44
MERGED from [androidx.lifecycle:lifecycle-service:2.0.0] AndroidManifest.xml:20:5-44
MERGED from [androidx.lifecycle:lifecycle-service:2.0.0] AndroidManifest.xml:20:5-44
MERGED from [androidx.lifecycle:lifecycle-runtime:2.0.0] AndroidManifest.xml:20:5-44
MERGED from [androidx.lifecycle:lifecycle-runtime:2.0.0] AndroidManifest.xml:20:5-44
MERGED from [androidx.lifecycle:lifecycle-viewmodel:2.0.0] AndroidManifest.xml:20:5-44
MERGED from [androidx.lifecycle:lifecycle-viewmodel:2.0.0] AndroidManifest.xml:20:5-44
MERGED from [com.github.bumptech.glide:gifdecoder:4.8.0] AndroidManifest.xml:5:5-7:41
MERGED from [com.github.bumptech.glide:gifdecoder:4.8.0] AndroidManifest.xml:5:5-7:41
INJECTED from src/main/AndroidManifest.xml
INJECTED from src/main/AndroidManifest.xml
	tools:overrideLibrary
		ADDED from [com.jahirfiquitiva.kext:core:722bd76] AndroidManifest.xml:26:9-49
	android:targetSdkVersion
		INJECTED from src/main/AndroidManifest.xml
		ADDED from src/main/AndroidManifest.xml
		INJECTED from src/main/AndroidManifest.xml
	android:minSdkVersion
		INJECTED from src/main/AndroidManifest.xml
		ADDED from src/main/AndroidManifest.xml
		INJECTED from src/main/AndroidManifest.xml
intent-filter#action:name:com.google.android.apps.muzei.api.MuzeiArtProvider
ADDED from src/main/AndroidManifest.xml:94:13-99:29
action#com.google.android.apps.muzei.api.MuzeiArtProvider
ADDED from src/main/AndroidManifest.xml:99:1-93
	android:name
		ADDED from src/main/AndroidManifest.xml:99:1-93
meta-data#color
ADDED from src/main/AndroidManifest.xml:103:1-54
	android:value
		ADDED from src/main/AndroidManifest.xml:103:1-54
	android:name
		ADDED from src/main/AndroidManifest.xml:103:1-54
meta-data#settingsActivity
ADDED from src/main/AndroidManifest.xml:103:1-88
	android:value
		ADDED from src/main/AndroidManifest.xml:103:1-88
	android:name
		ADDED from src/main/AndroidManifest.xml:103:1-88
meta-data#android.support.FILE_PROVIDER_PATHS
ADDED from src/main/AndroidManifest.xml:109:1-58
	android:resource
		ADDED from src/main/AndroidManifest.xml:109:1-58
	android:name
		ADDED from src/main/AndroidManifest.xml:109:1-58
uses-permission#com.android.vending.CHECK_LICENSE
ADDED from [:library] AndroidManifest.xml:27:5-73
MERGED from [com.github.javiersantos:PiracyChecker:1.2.4] AndroidManifest.xml:11:5-73
MERGED from [com.github.javiersantos:PiracyChecker:1.2.4] AndroidManifest.xml:11:5-73
	android:name
		ADDED from [:library] AndroidManifest.xml:27:22-70
uses-permission#android.permission.WRITE_SETTINGS
ADDED from [:library] AndroidManifest.xml:28:5-30:47
	tools:ignore
		ADDED from [:library] AndroidManifest.xml:30:9-44
	android:name
		ADDED from [:library] AndroidManifest.xml:29:9-57
uses-permission#android.permission.WRITE_EXTERNAL_STORAGE
ADDED from [:library] AndroidManifest.xml:31:5-81
	android:name
		ADDED from [:library] AndroidManifest.xml:31:22-78
uses-permission#android.permission.INTERNET
ADDED from [:library] AndroidManifest.xml:32:5-67
	android:name
		ADDED from [:library] AndroidManifest.xml:32:22-64
uses-permission#android.permission.ACCESS_NETWORK_STATE
ADDED from [:library] AndroidManifest.xml:33:5-79
	android:name
		ADDED from [:library] AndroidManifest.xml:33:22-76
uses-permission#android.permission.ACCESS_WIFI_STATE
ADDED from [:library] AndroidManifest.xml:34:5-76
	android:name
		ADDED from [:library] AndroidManifest.xml:34:22-73
uses-permission#android.permission.SET_WALLPAPER
ADDED from [:library] AndroidManifest.xml:35:5-72
	android:name
		ADDED from [:library] AndroidManifest.xml:35:22-69
uses-permission#android.permission.SET_WALLPAPER_HINTS
ADDED from [:library] AndroidManifest.xml:36:5-78
	android:name
		ADDED from [:library] AndroidManifest.xml:36:22-75
uses-permission#android.permission.WAKE_LOCK
ADDED from [:library] AndroidManifest.xml:37:5-68
	android:name
		ADDED from [:library] AndroidManifest.xml:37:22-65
uses-permission#android.permission.RECEIVE_BOOT_COMPLETED
ADDED from [:library] AndroidManifest.xml:38:5-81
	android:name
		ADDED from [:library] AndroidManifest.xml:38:22-78
uses-permission#android.permission.VIBRATE
ADDED from [:library] AndroidManifest.xml:39:5-66
	android:name
		ADDED from [:library] AndroidManifest.xml:39:22-63
supports-screens
ADDED from [:library] AndroidManifest.xml:41:5-47:40
	android:largeScreens
		ADDED from [:library] AndroidManifest.xml:43:9-36
	android:smallScreens
		ADDED from [:library] AndroidManifest.xml:46:9-36
	android:normalScreens
		ADDED from [:library] AndroidManifest.xml:44:9-37
	android:xlargeScreens
		ADDED from [:library] AndroidManifest.xml:47:9-37
	android:resizeable
		ADDED from [:library] AndroidManifest.xml:45:9-34
	android:anyDensity
		ADDED from [:library] AndroidManifest.xml:42:9-34
uses-library#com.sec.android.app.multiwindow
ADDED from [:library] AndroidManifest.xml:56:9-58:40
	android:required
		ADDED from [:library] AndroidManifest.xml:58:13-37
	android:name
		ADDED from [:library] AndroidManifest.xml:57:13-59
meta-data#com.sec.android.support.multiwindow
ADDED from [:library] AndroidManifest.xml:60:9-62:36
	android:value
		ADDED from [:library] AndroidManifest.xml:62:13-33
	android:name
		ADDED from [:library] AndroidManifest.xml:61:13-63
meta-data#com.sec.android.multiwindow.DEFAULT_SIZE_W
ADDED from [:library] AndroidManifest.xml:63:9-65:40
	android:value
		ADDED from [:library] AndroidManifest.xml:65:13-37
	android:name
		ADDED from [:library] AndroidManifest.xml:64:13-70
meta-data#com.sec.android.multiwindow.DEFAULT_SIZE_H
ADDED from [:library] AndroidManifest.xml:66:9-68:40
	android:value
		ADDED from [:library] AndroidManifest.xml:68:13-37
	android:name
		ADDED from [:library] AndroidManifest.xml:67:13-70
meta-data#com.sec.android.multiwindow.MINIMUM_SIZE_W
ADDED from [:library] AndroidManifest.xml:69:9-71:40
	android:value
		ADDED from [:library] AndroidManifest.xml:71:13-37
	android:name
		ADDED from [:library] AndroidManifest.xml:70:13-70
meta-data#com.sec.android.multiwindow.MINIMUM_SIZE_H
ADDED from [:library] AndroidManifest.xml:72:9-74:40
	android:value
		ADDED from [:library] AndroidManifest.xml:74:13-37
	android:name
		ADDED from [:library] AndroidManifest.xml:73:13-70
meta-data#com.lge.support.SPLIT_WINDOW
ADDED from [:library] AndroidManifest.xml:75:9-77:36
	android:value
		ADDED from [:library] AndroidManifest.xml:77:13-33
	android:name
		ADDED from [:library] AndroidManifest.xml:76:13-56
activity#com.pti.tipapers.ui.activities.TiPapersActivity
ADDED from [:library] AndroidManifest.xml:80:9-83:80
	android:windowSoftInputMode
		ADDED from [:library] AndroidManifest.xml:83:13-77
	android:exported
		ADDED from [:library] AndroidManifest.xml:82:13-37
	android:name
		ADDED from [:library] AndroidManifest.xml:81:13-75
activity#com.pti.tipapers.ui.activities.ViewerActivity
ADDED from [:library] AndroidManifest.xml:84:9-86:40
	android:exported